Arguments: 
  /usr/local/bin/node /usr/local/bin/yarn

PATH: 
  /usr/local/opt/elasticsearch@5.6/bin:/usr/local/bin:/usr/bin:/bin:/usr/sbin:/sbin:/usr/local/opt/elasticsearch@5.6/bin

Yarn version: 
  1.16.0

Node version: 
  10.16.0

Platform: 
  darwin x64

Trace: 
  SyntaxError: /Users/macintosh/development/personal/BeeDiagnostics/BeeDiagnostics/package.json: Unexpected end of JSON input
      at JSON.parse (<anonymous>)
      at /usr/local/lib/node_modules/yarn/lib/cli.js:1625:59
      at Generator.next (<anonymous>)
      at step (/usr/local/lib/node_modules/yarn/lib/cli.js:304:30)
      at /usr/local/lib/node_modules/yarn/lib/cli.js:315:13

npm manifest: 
  

yarn manifest: 
  No manifest

Lockfile: 
  No lockfile
